2025-06-23 19:56:49: INFO: Test_001_Login
2025-06-23 19:56:49: INFO: Verifying Home Page Title
2025-06-23 19:56:51: INFO: Home page title test is passed
2025-06-23 19:56:53: INFO: Test_002_Login
2025-06-23 19:56:53: INFO: Verifying Login Test
2025-06-23 19:56:56: INFO: Login test passed
2025-06-23 20:20:23: INFO: Test_001_Login
2025-06-23 20:20:23: INFO: Verifying Home Page Title
2025-06-23 20:21:35: INFO: Test_002_DDT_Login
2025-06-23 20:21:35: INFO: Verifying Test_002_DDT_Login
2025-06-23 20:22:37: INFO: Test_002_DDT_Login
2025-06-23 20:22:37: INFO: Verifying Test_002_DDT_Login
2025-06-23 20:22:44: INFO: failed
2025-06-23 20:27:31: INFO: Test_002_DDT_Login
2025-06-23 20:27:31: INFO: Verifying Test_002_DDT_Login
2025-06-23 20:29:58: INFO: Test_002_DDT_Login
2025-06-23 20:29:58: INFO: Verifying Test_002_DDT_Login
2025-06-23 20:30:05: INFO: failed
2025-06-23 20:32:47: INFO: Test_002_DDT_Login
2025-06-23 20:32:47: INFO: Verifying Test_002_DDT_Login
2025-06-23 20:32:54: INFO: failed
2025-06-23 20:35:10: INFO: Test_002_DDT_Login
2025-06-23 20:35:10: INFO: Verifying Test_002_DDT_Login
2025-06-23 20:35:17: INFO: failed
2025-06-23 20:40:09: INFO: Test_002_DDT_Login
2025-06-23 20:40:09: INFO: Verifying Test_002_DDT_Login
2025-06-23 20:40:16: INFO: failed
2025-06-23 20:42:49: INFO: Test_002_DDT_Login
2025-06-23 20:42:49: INFO: Verifying Test_002_DDT_Login
2025-06-23 20:42:56: INFO: failed
2025-06-23 20:43:30: INFO: Test_002_DDT_Login
2025-06-23 20:43:30: INFO: Verifying Test_002_DDT_Login
2025-06-23 20:43:38: INFO: failed
2025-06-23 20:44:39: INFO: Test_002_DDT_Login
2025-06-23 20:44:39: INFO: Verifying Test_002_DDT_Login
2025-06-23 20:44:47: INFO: failed
2025-06-23 20:48:09: INFO: Test_002_DDT_Login
2025-06-23 20:48:09: INFO: Verifying Test_002_DDT_Login
2025-06-23 20:48:17: INFO: failed
2025-06-23 21:35:22: INFO: Test_002_DDT_Login
2025-06-23 21:35:22: INFO: Verifying Test_002_DDT_Login
2025-06-23 21:35:29: INFO: failed
2025-06-23 21:37:33: INFO: Test_002_DDT_Login
2025-06-23 21:37:33: INFO: Verifying Test_002_DDT_Login
2025-06-23 21:37:40: INFO: failed
2025-06-23 21:45:19: INFO: Test_002_DDT_Login
2025-06-23 21:45:19: INFO: Verifying Test_002_DDT_Login
2025-06-23 21:45:26: INFO: failed
2025-06-23 21:46:47: INFO: Test_002_DDT_Login
2025-06-23 21:46:47: INFO: Verifying Test_002_DDT_Login
2025-06-23 21:46:55: INFO: failed
2025-06-23 21:49:22: INFO: Test_002_DDT_Login
2025-06-23 21:49:22: INFO: Verifying Test_002_DDT_Login
2025-06-23 21:49:29: INFO: failed
2025-06-23 21:51:56: INFO: Test_002_DDT_Login
2025-06-23 21:51:56: INFO: Verifying Test_002_DDT_Login
2025-06-23 21:52:04: INFO: failed
2025-06-23 21:53:50: INFO: Test_002_DDT_Login
2025-06-23 21:53:50: INFO: Verifying Test_002_DDT_Login
2025-06-23 21:53:58: INFO: failed
2025-06-23 21:54:40: INFO: Test_002_DDT_Login
2025-06-23 21:54:40: INFO: Verifying Test_002_DDT_Login
2025-06-23 21:54:49: INFO: Passed
2025-06-23 21:55:38: INFO: Test_002_DDT_Login
2025-06-23 21:55:38: INFO: Verifying Test_002_DDT_Login
2025-06-23 21:55:45: INFO: Passed
2025-06-23 21:57:51: INFO: Test_002_DDT_Login
2025-06-23 21:57:51: INFO: Verifying Test_002_DDT_Login
2025-06-23 21:57:58: INFO: Passed
2025-06-23 21:58:56: INFO: Test_002_DDT_Login
2025-06-23 21:58:56: INFO: Verifying Test_002_DDT_Login
2025-06-23 21:59:03: INFO: Passed
2025-06-23 22:05:36: INFO: Test_002_DDT_Login
2025-06-23 22:05:36: INFO: Verifying Test_002_DDT_Login
2025-06-23 22:05:45: INFO: Passed
2025-06-23 22:07:52: INFO: Test_002_DDT_Login
2025-06-23 22:07:52: INFO: Verifying Test_002_DDT_Login
2025-06-23 22:08:00: INFO: Passed
2025-06-23 22:08:32: INFO: Test_002_DDT_Login
2025-06-23 22:08:32: INFO: Verifying Test_002_DDT_Login
2025-06-23 22:08:40: INFO: Passed
2025-06-23 22:09:25: INFO: Test_002_DDT_Login
2025-06-23 22:09:25: INFO: Verifying Test_002_DDT_Login
2025-06-23 22:09:33: INFO: Passed
2025-06-23 22:10:15: INFO: Test_002_DDT_Login
2025-06-23 22:10:15: INFO: Verifying Test_002_DDT_Login
2025-06-23 22:13:17: INFO: Test_002_DDT_Login
2025-06-23 22:13:17: INFO: Verifying Test_002_DDT_Login
2025-06-23 22:16:13: INFO: Test_002_DDT_Login
2025-06-23 22:16:13: INFO: Verifying Test_002_DDT_Login
2025-06-23 22:23:28: INFO: Test_002_DDT_Login
2025-06-23 22:23:28: INFO: Verifying Test_002_DDT_Login
2025-06-23 22:23:37: INFO: Passed
2025-06-23 22:24:26: INFO: Test_002_DDT_Login
2025-06-23 22:24:26: INFO: Verifying Test_002_DDT_Login
2025-06-23 22:24:34: INFO: Passed
2025-06-23 22:25:57: INFO: Test_002_DDT_Login
2025-06-23 22:25:57: INFO: Verifying Test_002_DDT_Login
2025-06-23 22:26:04: INFO: Passed
2025-06-23 22:37:17: INFO: Test_002_DDT_Login
2025-06-23 22:37:17: INFO: Verifying Test_002_DDT_Login
2025-06-23 22:37:21: INFO: Passed
2025-06-23 22:37:26: INFO: Passed
2025-06-23 22:37:29: INFO: Passed
2025-06-23 22:39:24: INFO: Test_002_DDT_Login
2025-06-23 22:39:24: INFO: Verifying Test_002_DDT_Login
2025-06-23 22:39:27: INFO: Passed
2025-06-23 22:39:32: INFO: Passed
2025-06-23 22:39:35: INFO: Passed
2025-06-23 22:40:34: INFO: Test_002_DDT_Login
2025-06-23 22:40:34: INFO: Verifying Test_002_DDT_Login
2025-06-23 22:40:36: INFO: Passed
2025-06-23 22:40:41: INFO: Passed
2025-06-23 22:40:44: INFO: Passed
2025-06-23 22:40:46: INFO: Passed
2025-06-23 22:40:48: INFO: Passed
2025-06-23 22:40:48: INFO: Test_002_DDT_Login test is failed
2025-06-23 22:41:26: INFO: Test_002_DDT_Login
2025-06-23 22:41:26: INFO: Verifying Test_002_DDT_Login
2025-06-23 22:41:29: INFO: Failed
2025-06-23 22:41:34: INFO: Passed
2025-06-23 22:41:36: INFO: Failed
2025-06-23 22:41:38: INFO: Failed
2025-06-23 22:41:39: INFO: Failed
2025-06-23 22:41:40: INFO: Test_002_DDT_Login test is passed
2025-06-23 22:41:40: INFO: End of the login DDT test
2025-06-23 22:41:40: INFO: Test_002_DDT_Login test completed
